<?xml version="1.0" encoding="UTF-8"?>
<testng-results ignored="0" total="1" passed="1" failed="0" skipped="0">
  <reporter-output>
  </reporter-output>
  <suite started-at="2020-12-22T07:15:28Z" name="sample1" finished-at="2020-12-22T07:15:35Z" duration-ms="7968">
    <groups>
    </groups>
    <test started-at="2020-12-22T07:15:28Z" name="register" finished-at="2020-12-22T07:15:35Z" duration-ms="7968">
      <class name="sample.Demo">
        <test-method signature="register()[pri:0, instance:sample.Demo@671a5887]" started-at="2020-12-22T12:45:28Z" name="register" finished-at="2020-12-22T12:45:35Z" duration-ms="7957" status="PASS">
          <reporter-output>
          </reporter-output>
        </test-method> <!-- register -->
      </class> <!-- sample.Demo -->
    </test> <!-- register -->
  </suite> <!-- sample1 -->
</testng-results>
