<?xml version="1.0" encoding="UTF-8"?>
<testng-results skipped="0" failed="0" ignored="0" total="1" passed="1">
  <reporter-output>
  </reporter-output>
  <suite name="sample1" duration-ms="12346" started-at="2020-12-23T17:37:49Z" finished-at="2020-12-23T17:38:01Z">
    <groups>
    </groups>
    <test name="register" duration-ms="12346" started-at="2020-12-23T17:37:49Z" finished-at="2020-12-23T17:38:01Z">
      <class name="sample.Demo">
        <test-method status="PASS" signature="register()[pri:0, instance:sample.Demo@7f9fcf7f]" name="register" duration-ms="12331" started-at="2020-12-23T23:07:49Z" finished-at="2020-12-23T23:08:01Z">
          <reporter-output>
          </reporter-output>
        </test-method> <!-- register -->
      </class> <!-- sample.Demo -->
    </test> <!-- register -->
  </suite> <!-- sample1 -->
</testng-results>
