<?xml version="1.0" encoding="UTF-8"?>
<testng-results ignored="0" total="1" passed="1" failed="0" skipped="0">
  <reporter-output>
  </reporter-output>
  <suite started-at="2020-12-18T10:15:16 IST" name="Default suite" finished-at="2020-12-18T10:15:27 IST" duration-ms="11425">
    <groups>
    </groups>
    <test started-at="2020-12-18T10:15:16 IST" name="Default test" finished-at="2020-12-18T10:15:27 IST" duration-ms="11425">
      <class name="sample.Demo">
        <test-method signature="register()[pri:0, instance:sample.Demo@6b4a4e18]" started-at="2020-12-18T10:15:16 IST" name="register" finished-at="2020-12-18T10:15:27 IST" duration-ms="11392" status="PASS">
          <reporter-output>
          </reporter-output>
        </test-method> <!-- register -->
      </class> <!-- sample.Demo -->
    </test> <!-- Default test -->
  </suite> <!-- Default suite -->
</testng-results>
