<?xml version="1.0" encoding="UTF-8"?>
<testng-results ignored="0" total="1" passed="1" failed="0" skipped="0">
  <reporter-output>
  </reporter-output>
  <suite started-at="2020-12-19T01:10:37 IST" name="Default suite" finished-at="2020-12-19T01:10:50 IST" duration-ms="13068">
    <groups>
    </groups>
    <test started-at="2020-12-19T01:10:37 IST" name="Default test" finished-at="2020-12-19T01:10:50 IST" duration-ms="13068">
      <class name="sample.Demo">
        <test-method signature="register()[pri:0, instance:sample.Demo@2f112965]" started-at="2020-12-19T01:10:37 IST" name="register" finished-at="2020-12-19T01:10:50 IST" duration-ms="13035" status="PASS">
          <reporter-output>
          </reporter-output>
        </test-method> <!-- register -->
      </class> <!-- sample.Demo -->
    </test> <!-- Default test -->
  </suite> <!-- Default suite -->
</testng-results>
